This is pdfTeX, Version 3.14159265-2.6-1.40.16 (MiKTeX 2.9 64-bit) (preloaded format=pdflatex 2016.2.26)  10 MAY 2016 17:43
entering extended mode
**./sbc-template.tex
(sbc-template.tex
LaTeX2e <2015/10/01> patch level 2
Babel <3.9n> and hyphenation patterns for 69 languages loaded.
("C:\Program Files\MiKTeX 2.9\tex\latex\base\article.cls"
Document Class: article 2014/09/29 v1.4h Standard LaTeX document class
("C:\Program Files\MiKTeX 2.9\tex\latex\base\size12.clo"
File: size12.clo 2014/09/29 v1.4h Standard LaTeX file (size option)
)
\c@part=\count79
\c@section=\count80
\c@subsection=\count81
\c@subsubsection=\count82
\c@paragraph=\count83
\c@subparagraph=\count84
\c@figure=\count85
\c@table=\count86
\abovecaptionskip=\skip41
\belowcaptionskip=\skip42
\bibindent=\dimen102
) (sbc-template.sty
Package: sbc-template 2001/06/09

("C:\Program Files\MiKTeX 2.9\tex\latex\geometry\geometry.sty"
Package: geometry 2010/09/12 v5.6 Page Geometry

("C:\Program Files\MiKTeX 2.9\tex\latex\graphics\keyval.sty"
Package: keyval 2014/10/28 v1.15 key=value parser (DPC)
\KV@toks@=\toks14
)
("C:\Program Files\MiKTeX 2.9\tex\generic\oberdiek\ifpdf.sty"
Package: ifpdf 2011/01/30 v2.3 Provides the ifpdf switch (HO)
Package ifpdf Info: pdfTeX in PDF mode is detected.
)
("C:\Program Files\MiKTeX 2.9\tex\generic\oberdiek\ifvtex.sty"
Package: ifvtex 2010/03/01 v1.5 Detect VTeX and its facilities (HO)
Package ifvtex Info: VTeX not detected.
)
("C:\Program Files\MiKTeX 2.9\tex\generic\ifxetex\ifxetex.sty"
Package: ifxetex 2010/09/12 v0.6 Provides ifxetex conditional
)
\Gm@cnth=\count87
\Gm@cntv=\count88
\c@Gm@tempcnt=\count89
\Gm@bindingoffset=\dimen103
\Gm@wd@mp=\dimen104
\Gm@odd@mp=\dimen105
\Gm@even@mp=\dimen106
\Gm@layoutwidth=\dimen107
\Gm@layoutheight=\dimen108
\Gm@layouthoffset=\dimen109
\Gm@layoutvoffset=\dimen110
\Gm@dimlist=\toks15

("C:\Program Files\MiKTeX 2.9\tex\latex\geometry\geometry.cfg")) (caption2.sty
Package: caption2 2002/08/03 v2.1 Customising captions (AS)
\captionmargin=\dimen111
\captionwidth=\dimen112
\captionindent=\dimen113
Package caption2 Info: Running in caption2 v2.0 compatibility mode on input lin
e 147.
\captionlinewidth=\dimen114
) ("C:\Program Files\MiKTeX 2.9\tex\latex\psnfss\times.sty"
Package: times 2005/04/12 PSNFSS-v9.2a (SPQR) 
)
\c@instn=\count90

("C:\Program Files\MiKTeX 2.9\tex\latex\titlesec\titlesec.sty"
Package: titlesec 2016/03/21 v2.10.2 Sectioning titles
\ttl@box=\box26
\beforetitleunit=\skip43
\aftertitleunit=\skip44
\ttl@plus=\dimen115
\ttl@minus=\dimen116
\ttl@toksa=\toks16
\titlewidth=\dimen117
\titlewidthlast=\dimen118
\titlewidthfirst=\dimen119
))
("C:\Program Files\MiKTeX 2.9\tex\latex\graphics\graphicx.sty"
Package: graphicx 2014/10/28 v1.0g Enhanced LaTeX Graphics (DPC,SPQR)

("C:\Program Files\MiKTeX 2.9\tex\latex\graphics\graphics.sty"
Package: graphics 2014/10/28 v1.0p Standard LaTeX Graphics (DPC,SPQR)

("C:\Program Files\MiKTeX 2.9\tex\latex\graphics\trig.sty"
Package: trig 1999/03/16 v1.09 sin cos tan (DPC)
)
("C:\Program Files\MiKTeX 2.9\tex\latex\00miktex\graphics.cfg"
File: graphics.cfg 2007/01/18 v1.5 graphics configuration of teTeX/TeXLive
)
Package graphics Info: Driver file: pdftex.def on input line 94.

("C:\Program Files\MiKTeX 2.9\tex\latex\pdftex-def\pdftex.def"
File: pdftex.def 2011/05/27 v0.06d Graphics/color for pdfTeX

("C:\Program Files\MiKTeX 2.9\tex\generic\oberdiek\infwarerr.sty"
Package: infwarerr 2010/04/08 v1.3 Providing info/warning/error messages (HO)
)
("C:\Program Files\MiKTeX 2.9\tex\generic\oberdiek\ltxcmds.sty"
Package: ltxcmds 2011/11/09 v1.22 LaTeX kernel commands for general use (HO)
)
\Gread@gobject=\count91
))
\Gin@req@height=\dimen120
\Gin@req@width=\dimen121
)
("C:\Program Files\MiKTeX 2.9\tex\latex\url\url.sty"
\Urlmuskip=\muskip10
Package: url 2013/09/16  ver 3.4  Verb mode for urls, etc.
)
("C:\Program Files\MiKTeX 2.9\tex\generic\babel\babel.sty"
Package: babel 2016/01/08 3.9n The Babel package

*************************************
* Local config file bblopts.cfg used
*
("C:\Program Files\MiKTeX 2.9\tex\latex\00miktex\bblopts.cfg"
File: bblopts.cfg 2006/07/31 v1.0 MiKTeX 'babel' configuration
)
("C:\Program Files\MiKTeX 2.9\tex\latex\babel-portuges\portuges.ldf"
Language: portuges 2008/03/18 v1.2q Portuguese support from the babel system

("C:\Program Files\MiKTeX 2.9\tex\generic\babel\babel.def"
File: babel.def 2016/01/08 3.9n Babel common definitions
\babel@savecnt=\count92
\U@D=\dimen122
)
\l@brazil = a dialect from \language\l@portuges 
Package babel Info: Making " an active character on input line 145.
))
("C:\Program Files\MiKTeX 2.9\tex\latex\base\inputenc.sty"
Package: inputenc 2015/03/17 v1.2c Input encoding file
\inpenc@prehook=\toks17
\inpenc@posthook=\toks18

("C:\Program Files\MiKTeX 2.9\tex\latex\base\latin1.def"
File: latin1.def 2015/03/17 v1.2c Input encoding file
)) (sbc-template.aux

LaTeX Warning: Label `rotulo19' multiply defined.


LaTeX Warning: Label `rotulo23' multiply defined.


LaTeX Warning: Label `rotulo23' multiply defined.


LaTeX Warning: Label `rotulo23' multiply defined.


LaTeX Warning: Label `rotulo23' multiply defined.


LaTeX Warning: Label `rotulo23' multiply defined.


LaTeX Warning: Label `rotulo23' multiply defined.

)
\openout1 = `sbc-template.aux'.

LaTeX Font Info:    Checking defaults for OML/cmm/m/it on input line 23.
LaTeX Font Info:    ... okay on input line 23.
LaTeX Font Info:    Checking defaults for T1/cmr/m/n on input line 23.
LaTeX Font Info:    ... okay on input line 23.
LaTeX Font Info:    Checking defaults for OT1/cmr/m/n on input line 23.
LaTeX Font Info:    ... okay on input line 23.
LaTeX Font Info:    Checking defaults for OMS/cmsy/m/n on input line 23.
LaTeX Font Info:    ... okay on input line 23.
LaTeX Font Info:    Checking defaults for OMX/cmex/m/n on input line 23.
LaTeX Font Info:    ... okay on input line 23.
LaTeX Font Info:    Checking defaults for U/cmr/m/n on input line 23.
LaTeX Font Info:    ... okay on input line 23.
LaTeX Font Info:    Try loading font information for OT1+ptm on input line 23.
 ("C:\Program Files\MiKTeX 2.9\tex\latex\psnfss\ot1ptm.fd"
File: ot1ptm.fd 2001/06/04 font definitions for OT1/ptm.
)
*geometry* driver: auto-detecting
*geometry* detected driver: pdftex
*geometry* verbose mode - [ preamble ] result:
* driver: pdftex
* paper: a4paper
* layout: <same size as paper>
* layoutoffset:(h,v)=(0.0pt,0.0pt)
* modes: 
* h-part:(L,W,R)=(85.35826pt, 426.79135pt, 85.35826pt)
* v-part:(T,H,B)=(99.58464pt, 674.33032pt, 71.13188pt)
* \paperwidth=597.50787pt
* \paperheight=845.04684pt
* \textwidth=426.79135pt
* \textheight=674.33032pt
* \oddsidemargin=13.08827pt
* \evensidemargin=13.08827pt
* \topmargin=-9.68535pt
* \headheight=12.0pt
* \headsep=25.0pt
* \topskip=12.0pt
* \footskip=30.0pt
* \marginparwidth=44.0pt
* \marginparsep=10.0pt
* \columnsep=10.0pt
* \skip\footins=10.8pt plus 4.0pt minus 2.0pt
* \hoffset=0.0pt
* \voffset=0.0pt
* \mag=1000
* \@twocolumnfalse
* \@twosidefalse
* \@mparswitchfalse
* \@reversemarginfalse
* (1in=72.27pt=25.4mm, 1cm=28.453pt)

("C:\Program Files\MiKTeX 2.9\tex\context\base\supp-pdf.mkii"
[Loading MPS to PDF converter (version 2006.09.02).]
\scratchcounter=\count93
\scratchdimen=\dimen123
\scratchbox=\box27
\nofMPsegments=\count94
\nofMParguments=\count95
\everyMPshowfont=\toks19
\MPscratchCnt=\count96
\MPscratchDim=\dimen124
\MPnumerator=\count97
\makeMPintoPDFobject=\count98
\everyMPtoPDFconversion=\toks20
)
LaTeX Font Info:    Font shape `OT1/ptm/bx/n' in size <16> not available
(Font)              Font shape `OT1/ptm/b/n' tried instead on input line 25.
LaTeX Font Info:    Font shape `OT1/ptm/bx/n' in size <12> not available
(Font)              Font shape `OT1/ptm/b/n' tried instead on input line 25.
LaTeX Font Info:    External font `cmex10' loaded for size
(Font)              <12> on input line 25.
LaTeX Font Info:    External font `cmex10' loaded for size
(Font)              <8> on input line 25.
LaTeX Font Info:    External font `cmex10' loaded for size
(Font)              <6> on input line 25.
LaTeX Font Info:    Try loading font information for OT1+pcr on input line 25.
 ("C:\Program Files\MiKTeX 2.9\tex\latex\psnfss\ot1pcr.fd"
File: ot1pcr.fd 2001/06/04 font definitions for OT1/pcr.
)
LaTeX Font Info:    Font shape `OT1/ptm/bx/it' in size <12> not available
(Font)              Font shape `OT1/ptm/b/it' tried instead on input line 27.

Underfull \hbox (badness 10000) in paragraph at lines 28--29

 []


Underfull \hbox (badness 1281) in paragraph at lines 34--35
[]\OT1/ptm/m/it/12 Este ar-tigo apre-senta a evolu[][]ao do ar-ma-ze-na-mento d
e da-dos
 []


Underfull \hbox (badness 10000) in paragraph at lines 34--35

 []

<cuneiforme.jpg, id=1, 451.6875pt x 303.1325pt>
File: cuneiforme.jpg Graphic file (type jpg)
 <use cuneiforme.jpg>
Package pdftex.def Info: cuneiforme.jpg used on input line 48.
(pdftex.def)             Requested size: 316.17908pt x 212.1913pt.
 [1

{C:/Users/gusta/AppData/Local/MiKTeX/2.9/pdftex/config/pdftex.map} <./cuneiform
e.jpg>]
Underfull \hbox (badness 10000) in paragraph at lines 60--61

 []


Underfull \hbox (badness 10000) in paragraph at lines 60--61

 []

<gutenbergmachines.jpg, id=12, 1927.2pt x 2569.6pt>
File: gutenbergmachines.jpg Graphic file (type jpg)

<use gutenbergmachines.jpg>
Package pdftex.def Info: gutenbergmachines.jpg used on input line 64.
(pdftex.def)             Requested size: 154.17915pt x 205.5722pt.

<gutenbergletter.jpg, id=13, 803.0pt x 532.99126pt>
File: gutenbergletter.jpg Graphic file (type jpg)
 <use gutenbergletter.jpg>
Package pdftex.def Info: gutenbergletter.jpg used on input line 65.
(pdftex.def)             Requested size: 264.99081pt x 175.88765pt.

Underfull \hbox (badness 10000) in paragraph at lines 74--76

 []

<gutenbergbible.jpg, id=14, 578.16pt x 361.35pt>
File: gutenbergbible.jpg Graphic file (type jpg)
 <use gutenbergbible.jpg>
Package pdftex.def Info: gutenbergbible.jpg used on input line 79.
(pdftex.def)             Requested size: 231.2599pt x 144.53743pt.

Underfull \vbox (badness 10000) has occurred while \output is active []

 [2 <./gutenbergmachines.jpg> <./gutenbergletter.jpg>]
<jacquardcard.jpg, id=18, 401.5pt x 301.125pt>
File: jacquardcard.jpg Graphic file (type jpg)
 <use jacquardcard.jpg>
Package pdftex.def Info: jacquardcard.jpg used on input line 93.
(pdftex.def)             Requested size: 281.04808pt x 210.78606pt.
 [3 <./gutenbergbible.jpg> <./jacquardcard.jpg>]
<card.jpg, id=22, 493.3632pt x 221.1462pt>
File: card.jpg Graphic file (type jpg)
 <use card.jpg>
Package pdftex.def Info: card.jpg used on input line 112.
(pdftex.def)             Requested size: 246.681pt x 110.57281pt.

<ibmmachine.jpg, id=23, 803.0pt x 602.25pt>
File: ibmmachine.jpg Graphic file (type jpg)
 <use ibmmachine.jpg>
Package pdftex.def Info: ibmmachine.jpg used on input line 123.
(pdftex.def)             Requested size: 321.1943pt x 240.89572pt.
 [4 <./card.jpg> <./ibmmachine.jpg>] <pfleumer.jpg, id=27, 650.43pt x 349.305pt
>
File: pfleumer.jpg Graphic file (type jpg)

<use pfleumer.jpg>
Package pdftex.def Info: pfleumer.jpg used on input line 135.
(pdftex.def)             Requested size: 325.2142pt x 174.65207pt.
 <snake.png, id=28, 271.76532pt x 122.70844pt>
File: snake.png Graphic file (type png)

<use snake.png>
Package pdftex.def Info: snake.png used on input line 149.
(pdftex.def)             Requested size: 271.76465pt x 122.70813pt.

Underfull \vbox (badness 10000) has occurred while \output is active []

 [5 <./pfleumer.jpg>] <tambor.jpg, id=32, 197.73875pt x 240.9pt>
File: tambor.jpg Graphic file (type jpg)
 <use tambor.jpg>
Package pdftex.def Info: tambor.jpg used on input line 161.
(pdftex.def)             Requested size: 197.73827pt x 240.8994pt.

Underfull \hbox (badness 10000) in paragraph at lines 167--168

 []

[6 <./snake.png> <./tambor.jpg>] <ramac.jpg, id=36, 278.54062pt x 225.84375pt>
File: ramac.jpg Graphic file (type jpg)

<use ramac.jpg>
Package pdftex.def Info: ramac.jpg used on input line 182.
(pdftex.def)             Requested size: 250.68423pt x 203.25748pt.
 [7 <./ramac.jpg>] <disk1.jpg, id=41, 602.25pt x 451.6875pt>
File: disk1.jpg Graphic file (type jpg)

<use disk1.jpg>
Package pdftex.def Info: disk1.jpg used on input line 199.
(pdftex.def)             Requested size: 295.10507pt x 221.3288pt.

Underfull \hbox (badness 10000) in paragraph at lines 208--209

 []

[8 <./disk1.jpg>] <cd.png, id=45, 501.875pt x 501.875pt>
File: cd.png Graphic file (type png)
 <use cd.png>
Package pdftex.def Info: cd.png used on input line 222.
(pdftex.def)             Requested size: 100.37321pt x 100.37321pt.

<dvd.jpg, id=47, 363.759pt x 381.1038pt>
File: dvd.jpg Graphic file (type jpg)
 <use dvd.jpg>
Package pdftex.def Info: dvd.jpg used on input line 223.
(pdftex.def)             Requested size: 109.12854pt x 114.33202pt.

<bluray.png, id=48, 60.225pt x 58.59892pt>
File: bluray.png Graphic file (type png)
 <use bluray.png>
Package pdftex.def Info: bluray.png used on input line 224.
(pdftex.def)             Requested size: 132.49445pt x 128.91711pt.

Underfull \vbox (badness 1454) has occurred while \output is active []

 [9 <./cd.png> <./dvd.jpg> <./bluray.png>]
Underfull \hbox (badness 5970) in paragraph at lines 259--260
[]\OT1/ptm/m/n/12 Nuvem h[]brida :[]E uma composi[][]ao de duas ou mais nu-ven
s dis-tin-
 []


Underfull \hbox (badness 10000) in paragraph at lines 267--277

 []


Underfull \hbox (badness 10000) in paragraph at lines 267--277

 []


Underfull \hbox (badness 10000) in paragraph at lines 267--277

 []


Underfull \hbox (badness 10000) in paragraph at lines 267--277

 []


Underfull \hbox (badness 10000) in paragraph at lines 267--277

 []


Underfull \hbox (badness 10000) in paragraph at lines 267--277

 []


Underfull \hbox (badness 10000) in paragraph at lines 267--277

 []


Underfull \hbox (badness 10000) in paragraph at lines 267--277

 []


Underfull \hbox (badness 10000) in paragraph at lines 267--277

 []

LaTeX Font Info:    Font shape `OT1/ptm/bx/n' in size <13> not available
(Font)              Font shape `OT1/ptm/b/n' tried instead on input line 279.

Underfull \vbox (badness 10000) has occurred while \output is active []

 [10]
Overfull \hbox (70.26227pt too wide) in paragraph at lines 287--288
[]\OT1/ptm/m/n/12 http://members.bib-arch.org/publication.asp?PubID=BSBA&Volume
=31&Issue=2&ArticleID=10 
 []


Overfull \hbox (70.95894pt too wide) in paragraph at lines 347--349
[]\OT1/ptm/m/n/12 https://www.ibm.com/support/knowledgecenter/SSGMGV[]3.2.0/com
.ibm.cics.ts.productoverview
 []

[11]
Overfull \hbox (17.01901pt too wide) in paragraph at lines 388--390
[]\OT1/ptm/m/n/12 http://www.blu-raydisc.com/Assets/Downloadablefile/White[]Pap
er[]General[]3rd[]Dec%
 []


Underfull \hbox (badness 10000) in paragraph at lines 397--398
[]\OT1/ptm/m/n/12 https://www.ipo.gov.uk/patent/p-decisionmaking/p-challenge/p-
challenge-decision-
 []


Underfull \hbox (badness 10000) in paragraph at lines 409--410
[]\OT1/ptm/m/n/12 http://static1.1.sqspcdn.com/static/f/702523/10181434/1294788
395300/201101-
 []

[12] (sbc-template.aux)

LaTeX Warning: There were multiply-defined labels.

 ) 
Here is how much of TeX's memory you used:
 2829 strings out of 493634
 38010 string characters out of 3143744
 108442 words of memory out of 3000000
 6171 multiletter control sequences out of 15000+200000
 19773 words of font info for 42 fonts, out of 3000000 for 9000
 1025 hyphenation exceptions out of 8191
 30i,10n,29p,625b,310s stack positions out of 5000i,500n,10000p,200000b,50000s
{C:/Program Files/MiKTeX 2.9/fonts/enc/dvips/fontname/8r.enc}<C:/Program File
s/MiKTeX 2.9/fonts/type1/public/amsfonts/cm/cmr8.pfb><C:/Program Files/MiKTeX 2
.9/fonts/type1/urw/courier/ucrr8a.pfb><C:/Program Files/MiKTeX 2.9/fonts/type1/
urw/times/utmb8a.pfb><C:/Program Files/MiKTeX 2.9/fonts/type1/urw/times/utmbi8a
.pfb><C:/Program Files/MiKTeX 2.9/fonts/type1/urw/times/utmr8a.pfb><C:/Program 
Files/MiKTeX 2.9/fonts/type1/urw/times/utmri8a.pfb>
Output written on sbc-template.pdf (12 pages, 4966299 bytes).
PDF statistics:
 84 PDF objects out of 1000 (max. 8388607)
 0 named destinations out of 1000 (max. 500000)
 76 words of extra memory for PDF output out of 10000 (max. 10000000)

